<?xml version="1.0" encoding="UTF-8"?>
<testsuite xmlns:xsi="http://www.w3.org/2001/XMLSchema-instance" xsi:noNamespaceSchemaLocation="https://maven.apache.org/surefire/maven-surefire-plugin/xsd/surefire-test-report.xsd" name="test.RunnerTest" time="4.933" tests="1" errors="0" skipped="0" failures="1">
  <properties>
    <property name="sun.desktop" value="gnome"/>
    <property name="awt.toolkit" value="sun.awt.X11.XToolkit"/>
    <property name="java.specification.version" value="11"/>
    <property name="sun.cpu.isalist" value=""/>
    <property name="sun.jnu.encoding" value="UTF-8"/>
    <property name="java.class.path" value="/home/livquik/Desktop/karate_demo/myproject/target/test-classes:/home/livquik/Desktop/karate_demo/myproject/target/classes:/home/livquik/.m2/repository/com/intuit/karate/karate-junit5/1.3.1/karate-junit5-1.3.1.jar:/home/livquik/.m2/repository/com/intuit/karate/karate-core/1.3.1/karate-core-1.3.1.jar:/home/livquik/.m2/repository/org/graalvm/js/js-scriptengine/22.0.0.2/js-scriptengine-22.0.0.2.jar:/home/livquik/.m2/repository/org/graalvm/sdk/graal-sdk/22.0.0.2/graal-sdk-22.0.0.2.jar:/home/livquik/.m2/repository/org/graalvm/js/js/22.0.0.2/js-22.0.0.2.jar:/home/livquik/.m2/repository/org/graalvm/regex/regex/22.0.0.2/regex-22.0.0.2.jar:/home/livquik/.m2/repository/org/graalvm/truffle/truffle-api/22.0.0.2/truffle-api-22.0.0.2.jar:/home/livquik/.m2/repository/org/thymeleaf/thymeleaf/3.0.14.RELEASE/thymeleaf-3.0.14.RELEASE.jar:/home/livquik/.m2/repository/ognl/ognl/3.1.26/ognl-3.1.26.jar:/home/livquik/.m2/repository/org/javassist/javassist/3.20.0-GA/javassist-3.20.0-GA.jar:/home/livquik/.m2/repository/org/attoparser/attoparser/2.0.5.RELEASE/attoparser-2.0.5.RELEASE.jar:/home/livquik/.m2/repository/org/unbescape/unbescape/1.1.6.RELEASE/unbescape-1.1.6.RELEASE.jar:/home/livquik/.m2/repository/org/slf4j/slf4j-api/1.7.25/slf4j-api-1.7.25.jar:/home/livquik/.m2/repository/com/linecorp/armeria/armeria/1.18.0/armeria-1.18.0.jar:/home/livquik/.m2/repository/com/fasterxml/jackson/core/jackson-core/2.13.3/jackson-core-2.13.3.jar:/home/livquik/.m2/repository/com/fasterxml/jackson/core/jackson-annotations/2.13.3/jackson-annotations-2.13.3.jar:/home/livquik/.m2/repository/com/fasterxml/jackson/core/jackson-databind/2.13.3/jackson-databind-2.13.3.jar:/home/livquik/.m2/repository/io/micrometer/micrometer-core/1.9.2/micrometer-core-1.9.2.jar:/home/livquik/.m2/repository/org/hdrhistogram/HdrHistogram/2.1.12/HdrHistogram-2.1.12.jar:/home/livquik/.m2/repository/org/latencyutils/LatencyUtils/2.0.3/LatencyUtils-2.0.3.jar:/home/livquik/.m2/repository/io/netty/netty-transport/4.1.79.Final/netty-transport-4.1.79.Final.jar:/home/livquik/.m2/repository/io/netty/netty-common/4.1.79.Final/netty-common-4.1.79.Final.jar:/home/livquik/.m2/repository/io/netty/netty-buffer/4.1.79.Final/netty-buffer-4.1.79.Final.jar:/home/livquik/.m2/repository/io/netty/netty-resolver/4.1.79.Final/netty-resolver-4.1.79.Final.jar:/home/livquik/.m2/repository/io/netty/netty-codec-haproxy/4.1.79.Final/netty-codec-haproxy-4.1.79.Final.jar:/home/livquik/.m2/repository/io/netty/netty-codec/4.1.79.Final/netty-codec-4.1.79.Final.jar:/home/livquik/.m2/repository/io/netty/netty-codec-http2/4.1.79.Final/netty-codec-http2-4.1.79.Final.jar:/home/livquik/.m2/repository/io/netty/netty-handler/4.1.79.Final/netty-handler-4.1.79.Final.jar:/home/livquik/.m2/repository/io/netty/netty-codec-http/4.1.79.Final/netty-codec-http-4.1.79.Final.jar:/home/livquik/.m2/repository/io/netty/netty-resolver-dns/4.1.79.Final/netty-resolver-dns-4.1.79.Final.jar:/home/livquik/.m2/repository/io/netty/netty-codec-dns/4.1.79.Final/netty-codec-dns-4.1.79.Final.jar:/home/livquik/.m2/repository/org/reactivestreams/reactive-streams/1.0.4/reactive-streams-1.0.4.jar:/home/livquik/.m2/repository/com/google/code/findbugs/jsr305/3.0.2/jsr305-3.0.2.jar:/home/livquik/.m2/repository/io/netty/netty-transport-native-unix-common/4.1.79.Final/netty-transport-native-unix-common-4.1.79.Final-linux-x86_64.jar:/home/livquik/.m2/repository/io/netty/netty-transport-native-epoll/4.1.79.Final/netty-transport-native-epoll-4.1.79.Final-linux-x86_64.jar:/home/livquik/.m2/repository/io/netty/netty-transport-native-unix-common/4.1.79.Final/netty-transport-native-unix-common-4.1.79.Final.jar:/home/livquik/.m2/repository/io/netty/netty-transport-classes-epoll/4.1.79.Final/netty-transport-classes-epoll-4.1.79.Final.jar:/home/livquik/.m2/repository/io/netty/netty-resolver-dns-native-macos/4.1.79.Final/netty-resolver-dns-native-macos-4.1.79.Final-osx-x86_64.jar:/home/livquik/.m2/repository/io/netty/netty-resolver-dns-classes-macos/4.1.79.Final/netty-resolver-dns-classes-macos-4.1.79.Final.jar:/home/livquik/.m2/repository/io/netty/netty-resolver-dns-native-macos/4.1.79.Final/netty-resolver-dns-native-macos-4.1.79.Final-osx-aarch_64.jar:/home/livquik/.m2/repository/io/netty/netty-tcnative-boringssl-static/2.0.53.Final/netty-tcnative-boringssl-static-2.0.53.Final-linux-x86_64.jar:/home/livquik/.m2/repository/io/netty/netty-tcnative-classes/2.0.53.Final/netty-tcnative-classes-2.0.53.Final.jar:/home/livquik/.m2/repository/io/netty/netty-tcnative-boringssl-static/2.0.53.Final/netty-tcnative-boringssl-static-2.0.53.Final-linux-aarch_64.jar:/home/livquik/.m2/repository/io/netty/netty-tcnative-boringssl-static/2.0.53.Final/netty-tcnative-boringssl-static-2.0.53.Final-osx-x86_64.jar:/home/livquik/.m2/repository/io/netty/netty-tcnative-boringssl-static/2.0.53.Final/netty-tcnative-boringssl-static-2.0.53.Final-osx-aarch_64.jar:/home/livquik/.m2/repository/io/netty/netty-tcnative-boringssl-static/2.0.53.Final/netty-tcnative-boringssl-static-2.0.53.Final-windows-x86_64.jar:/home/livquik/.m2/repository/io/netty/netty-handler-proxy/4.1.79.Final/netty-handler-proxy-4.1.79.Final.jar:/home/livquik/.m2/repository/io/netty/netty-codec-socks/4.1.79.Final/netty-codec-socks-4.1.79.Final.jar:/home/livquik/.m2/repository/com/aayushatharva/brotli4j/brotli4j/1.7.1/brotli4j-1.7.1.jar:/home/livquik/.m2/repository/com/aayushatharva/brotli4j/native-linux-x86_64/1.7.1/native-linux-x86_64-1.7.1.jar:/home/livquik/.m2/repository/org/apache/httpcomponents/httpclient/4.5.13/httpclient-4.5.13.jar:/home/livquik/.m2/repository/org/apache/httpcomponents/httpcore/4.4.13/httpcore-4.4.13.jar:/home/livquik/.m2/repository/commons-codec/commons-codec/1.11/commons-codec-1.11.jar:/home/livquik/.m2/repository/ch/qos/logback/logback-classic/1.2.9/logback-classic-1.2.9.jar:/home/livquik/.m2/repository/ch/qos/logback/logback-core/1.2.9/logback-core-1.2.9.jar:/home/livquik/.m2/repository/org/slf4j/jcl-over-slf4j/1.7.32/jcl-over-slf4j-1.7.32.jar:/home/livquik/.m2/repository/org/antlr/antlr4-runtime/4.9.3/antlr4-runtime-4.9.3.jar:/home/livquik/.m2/repository/com/jayway/jsonpath/json-path/2.7.0/json-path-2.7.0.jar:/home/livquik/.m2/repository/net/minidev/json-smart/2.4.7/json-smart-2.4.7.jar:/home/livquik/.m2/repository/net/minidev/accessors-smart/2.4.7/accessors-smart-2.4.7.jar:/home/livquik/.m2/repository/org/ow2/asm/asm/9.1/asm-9.1.jar:/home/livquik/.m2/repository/info/cukes/cucumber-java/1.2.5/cucumber-java-1.2.5.jar:/home/livquik/.m2/repository/info/cukes/cucumber-core/1.2.5/cucumber-core-1.2.5.jar:/home/livquik/.m2/repository/org/yaml/snakeyaml/1.32/snakeyaml-1.32.jar:/home/livquik/.m2/repository/de/siegmar/fastcsv/2.0.0/fastcsv-2.0.0.jar:/home/livquik/.m2/repository/info/picocli/picocli/4.6.1/picocli-4.6.1.jar:/home/livquik/.m2/repository/io/github/classgraph/classgraph/4.8.149/classgraph-4.8.149.jar:/home/livquik/.m2/repository/io/github/t12y/resemble/1.0.2/resemble-1.0.2.jar:/home/livquik/.m2/repository/io/github/t12y/ssim/1.0.0/ssim-1.0.0.jar:/home/livquik/.m2/repository/org/junit/jupiter/junit-jupiter-api/5.7.2/junit-jupiter-api-5.7.2.jar:/home/livquik/.m2/repository/org/apiguardian/apiguardian-api/1.1.0/apiguardian-api-1.1.0.jar:/home/livquik/.m2/repository/org/opentest4j/opentest4j/1.2.0/opentest4j-1.2.0.jar:/home/livquik/.m2/repository/org/junit/platform/junit-platform-commons/1.7.2/junit-platform-commons-1.7.2.jar:/home/livquik/.m2/repository/org/junit/jupiter/junit-jupiter-engine/5.7.2/junit-jupiter-engine-5.7.2.jar:/home/livquik/.m2/repository/org/junit/platform/junit-platform-engine/1.7.2/junit-platform-engine-1.7.2.jar:"/>
    <property name="java.vm.vendor" value="Ubuntu"/>
    <property name="sun.arch.data.model" value="64"/>
    <property name="java.vendor.url" value="https://ubuntu.com/"/>
    <property name="user.timezone" value=""/>
    <property name="java.vm.specification.version" value="11"/>
    <property name="os.name" value="Linux"/>
    <property name="sun.java.launcher" value="SUN_STANDARD"/>
    <property name="user.country" value="GB"/>
    <property name="sun.boot.library.path" value="/usr/lib/jvm/java-11-openjdk-amd64/lib"/>
    <property name="sun.java.command" value="/home/livquik/Desktop/karate_demo/myproject/target/surefire/surefirebooter11273858775819675008.jar /home/livquik/Desktop/karate_demo/myproject/target/surefire 2023-03-30T23-52-58_625-jvmRun1 surefire18241026277321481715tmp surefire_06507236978572777223tmp"/>
    <property name="jdk.debug" value="release"/>
    <property name="surefire.test.class.path" value="/home/livquik/Desktop/karate_demo/myproject/target/test-classes:/home/livquik/Desktop/karate_demo/myproject/target/classes:/home/livquik/.m2/repository/com/intuit/karate/karate-junit5/1.3.1/karate-junit5-1.3.1.jar:/home/livquik/.m2/repository/com/intuit/karate/karate-core/1.3.1/karate-core-1.3.1.jar:/home/livquik/.m2/repository/org/graalvm/js/js-scriptengine/22.0.0.2/js-scriptengine-22.0.0.2.jar:/home/livquik/.m2/repository/org/graalvm/sdk/graal-sdk/22.0.0.2/graal-sdk-22.0.0.2.jar:/home/livquik/.m2/repository/org/graalvm/js/js/22.0.0.2/js-22.0.0.2.jar:/home/livquik/.m2/repository/org/graalvm/regex/regex/22.0.0.2/regex-22.0.0.2.jar:/home/livquik/.m2/repository/org/graalvm/truffle/truffle-api/22.0.0.2/truffle-api-22.0.0.2.jar:/home/livquik/.m2/repository/org/thymeleaf/thymeleaf/3.0.14.RELEASE/thymeleaf-3.0.14.RELEASE.jar:/home/livquik/.m2/repository/ognl/ognl/3.1.26/ognl-3.1.26.jar:/home/livquik/.m2/repository/org/javassist/javassist/3.20.0-GA/javassist-3.20.0-GA.jar:/home/livquik/.m2/repository/org/attoparser/attoparser/2.0.5.RELEASE/attoparser-2.0.5.RELEASE.jar:/home/livquik/.m2/repository/org/unbescape/unbescape/1.1.6.RELEASE/unbescape-1.1.6.RELEASE.jar:/home/livquik/.m2/repository/org/slf4j/slf4j-api/1.7.25/slf4j-api-1.7.25.jar:/home/livquik/.m2/repository/com/linecorp/armeria/armeria/1.18.0/armeria-1.18.0.jar:/home/livquik/.m2/repository/com/fasterxml/jackson/core/jackson-core/2.13.3/jackson-core-2.13.3.jar:/home/livquik/.m2/repository/com/fasterxml/jackson/core/jackson-annotations/2.13.3/jackson-annotations-2.13.3.jar:/home/livquik/.m2/repository/com/fasterxml/jackson/core/jackson-databind/2.13.3/jackson-databind-2.13.3.jar:/home/livquik/.m2/repository/io/micrometer/micrometer-core/1.9.2/micrometer-core-1.9.2.jar:/home/livquik/.m2/repository/org/hdrhistogram/HdrHistogram/2.1.12/HdrHistogram-2.1.12.jar:/home/livquik/.m2/repository/org/latencyutils/LatencyUtils/2.0.3/LatencyUtils-2.0.3.jar:/home/livquik/.m2/repository/io/netty/netty-transport/4.1.79.Final/netty-transport-4.1.79.Final.jar:/home/livquik/.m2/repository/io/netty/netty-common/4.1.79.Final/netty-common-4.1.79.Final.jar:/home/livquik/.m2/repository/io/netty/netty-buffer/4.1.79.Final/netty-buffer-4.1.79.Final.jar:/home/livquik/.m2/repository/io/netty/netty-resolver/4.1.79.Final/netty-resolver-4.1.79.Final.jar:/home/livquik/.m2/repository/io/netty/netty-codec-haproxy/4.1.79.Final/netty-codec-haproxy-4.1.79.Final.jar:/home/livquik/.m2/repository/io/netty/netty-codec/4.1.79.Final/netty-codec-4.1.79.Final.jar:/home/livquik/.m2/repository/io/netty/netty-codec-http2/4.1.79.Final/netty-codec-http2-4.1.79.Final.jar:/home/livquik/.m2/repository/io/netty/netty-handler/4.1.79.Final/netty-handler-4.1.79.Final.jar:/home/livquik/.m2/repository/io/netty/netty-codec-http/4.1.79.Final/netty-codec-http-4.1.79.Final.jar:/home/livquik/.m2/repository/io/netty/netty-resolver-dns/4.1.79.Final/netty-resolver-dns-4.1.79.Final.jar:/home/livquik/.m2/repository/io/netty/netty-codec-dns/4.1.79.Final/netty-codec-dns-4.1.79.Final.jar:/home/livquik/.m2/repository/org/reactivestreams/reactive-streams/1.0.4/reactive-streams-1.0.4.jar:/home/livquik/.m2/repository/com/google/code/findbugs/jsr305/3.0.2/jsr305-3.0.2.jar:/home/livquik/.m2/repository/io/netty/netty-transport-native-unix-common/4.1.79.Final/netty-transport-native-unix-common-4.1.79.Final-linux-x86_64.jar:/home/livquik/.m2/repository/io/netty/netty-transport-native-epoll/4.1.79.Final/netty-transport-native-epoll-4.1.79.Final-linux-x86_64.jar:/home/livquik/.m2/repository/io/netty/netty-transport-native-unix-common/4.1.79.Final/netty-transport-native-unix-common-4.1.79.Final.jar:/home/livquik/.m2/repository/io/netty/netty-transport-classes-epoll/4.1.79.Final/netty-transport-classes-epoll-4.1.79.Final.jar:/home/livquik/.m2/repository/io/netty/netty-resolver-dns-native-macos/4.1.79.Final/netty-resolver-dns-native-macos-4.1.79.Final-osx-x86_64.jar:/home/livquik/.m2/repository/io/netty/netty-resolver-dns-classes-macos/4.1.79.Final/netty-resolver-dns-classes-macos-4.1.79.Final.jar:/home/livquik/.m2/repository/io/netty/netty-resolver-dns-native-macos/4.1.79.Final/netty-resolver-dns-native-macos-4.1.79.Final-osx-aarch_64.jar:/home/livquik/.m2/repository/io/netty/netty-tcnative-boringssl-static/2.0.53.Final/netty-tcnative-boringssl-static-2.0.53.Final-linux-x86_64.jar:/home/livquik/.m2/repository/io/netty/netty-tcnative-classes/2.0.53.Final/netty-tcnative-classes-2.0.53.Final.jar:/home/livquik/.m2/repository/io/netty/netty-tcnative-boringssl-static/2.0.53.Final/netty-tcnative-boringssl-static-2.0.53.Final-linux-aarch_64.jar:/home/livquik/.m2/repository/io/netty/netty-tcnative-boringssl-static/2.0.53.Final/netty-tcnative-boringssl-static-2.0.53.Final-osx-x86_64.jar:/home/livquik/.m2/repository/io/netty/netty-tcnative-boringssl-static/2.0.53.Final/netty-tcnative-boringssl-static-2.0.53.Final-osx-aarch_64.jar:/home/livquik/.m2/repository/io/netty/netty-tcnative-boringssl-static/2.0.53.Final/netty-tcnative-boringssl-static-2.0.53.Final-windows-x86_64.jar:/home/livquik/.m2/repository/io/netty/netty-handler-proxy/4.1.79.Final/netty-handler-proxy-4.1.79.Final.jar:/home/livquik/.m2/repository/io/netty/netty-codec-socks/4.1.79.Final/netty-codec-socks-4.1.79.Final.jar:/home/livquik/.m2/repository/com/aayushatharva/brotli4j/brotli4j/1.7.1/brotli4j-1.7.1.jar:/home/livquik/.m2/repository/com/aayushatharva/brotli4j/native-linux-x86_64/1.7.1/native-linux-x86_64-1.7.1.jar:/home/livquik/.m2/repository/org/apache/httpcomponents/httpclient/4.5.13/httpclient-4.5.13.jar:/home/livquik/.m2/repository/org/apache/httpcomponents/httpcore/4.4.13/httpcore-4.4.13.jar:/home/livquik/.m2/repository/commons-codec/commons-codec/1.11/commons-codec-1.11.jar:/home/livquik/.m2/repository/ch/qos/logback/logback-classic/1.2.9/logback-classic-1.2.9.jar:/home/livquik/.m2/repository/ch/qos/logback/logback-core/1.2.9/logback-core-1.2.9.jar:/home/livquik/.m2/repository/org/slf4j/jcl-over-slf4j/1.7.32/jcl-over-slf4j-1.7.32.jar:/home/livquik/.m2/repository/org/antlr/antlr4-runtime/4.9.3/antlr4-runtime-4.9.3.jar:/home/livquik/.m2/repository/com/jayway/jsonpath/json-path/2.7.0/json-path-2.7.0.jar:/home/livquik/.m2/repository/net/minidev/json-smart/2.4.7/json-smart-2.4.7.jar:/home/livquik/.m2/repository/net/minidev/accessors-smart/2.4.7/accessors-smart-2.4.7.jar:/home/livquik/.m2/repository/org/ow2/asm/asm/9.1/asm-9.1.jar:/home/livquik/.m2/repository/info/cukes/cucumber-java/1.2.5/cucumber-java-1.2.5.jar:/home/livquik/.m2/repository/info/cukes/cucumber-core/1.2.5/cucumber-core-1.2.5.jar:/home/livquik/.m2/repository/org/yaml/snakeyaml/1.32/snakeyaml-1.32.jar:/home/livquik/.m2/repository/de/siegmar/fastcsv/2.0.0/fastcsv-2.0.0.jar:/home/livquik/.m2/repository/info/picocli/picocli/4.6.1/picocli-4.6.1.jar:/home/livquik/.m2/repository/io/github/classgraph/classgraph/4.8.149/classgraph-4.8.149.jar:/home/livquik/.m2/repository/io/github/t12y/resemble/1.0.2/resemble-1.0.2.jar:/home/livquik/.m2/repository/io/github/t12y/ssim/1.0.0/ssim-1.0.0.jar:/home/livquik/.m2/repository/org/junit/jupiter/junit-jupiter-api/5.7.2/junit-jupiter-api-5.7.2.jar:/home/livquik/.m2/repository/org/apiguardian/apiguardian-api/1.1.0/apiguardian-api-1.1.0.jar:/home/livquik/.m2/repository/org/opentest4j/opentest4j/1.2.0/opentest4j-1.2.0.jar:/home/livquik/.m2/repository/org/junit/platform/junit-platform-commons/1.7.2/junit-platform-commons-1.7.2.jar:/home/livquik/.m2/repository/org/junit/jupiter/junit-jupiter-engine/5.7.2/junit-jupiter-engine-5.7.2.jar:/home/livquik/.m2/repository/org/junit/platform/junit-platform-engine/1.7.2/junit-platform-engine-1.7.2.jar:"/>
    <property name="sun.cpu.endian" value="little"/>
    <property name="user.home" value="/home/livquik"/>
    <property name="user.language" value="en"/>
    <property name="java.specification.vendor" value="Oracle Corporation"/>
    <property name="java.version.date" value="2023-01-17"/>
    <property name="java.home" value="/usr/lib/jvm/java-11-openjdk-amd64"/>
    <property name="file.separator" value="/"/>
    <property name="basedir" value="/home/livquik/Desktop/karate_demo/myproject"/>
    <property name="java.vm.compressedOopsMode" value="32-bit"/>
    <property name="line.separator" value="&#10;"/>
    <property name="java.specification.name" value="Java Platform API Specification"/>
    <property name="java.vm.specification.vendor" value="Oracle Corporation"/>
    <property name="java.awt.graphicsenv" value="sun.awt.X11GraphicsEnvironment"/>
    <property name="surefire.real.class.path" value="/home/livquik/Desktop/karate_demo/myproject/target/surefire/surefirebooter11273858775819675008.jar"/>
    <property name="sun.management.compiler" value="HotSpot 64-Bit Tiered Compilers"/>
    <property name="java.runtime.version" value="11.0.18+10-post-Ubuntu-0ubuntu118.04.1"/>
    <property name="user.name" value="livquik"/>
    <property name="path.separator" value=":"/>
    <property name="os.version" value="5.4.0-144-generic"/>
    <property name="java.runtime.name" value="OpenJDK Runtime Environment"/>
    <property name="file.encoding" value="UTF-8"/>
    <property name="java.vm.name" value="OpenJDK 64-Bit Server VM"/>
    <property name="localRepository" value="/home/livquik/.m2/repository"/>
    <property name="java.vendor.url.bug" value="https://bugs.launchpad.net/ubuntu/+source/openjdk-lts"/>
    <property name="java.io.tmpdir" value="/tmp"/>
    <property name="java.version" value="11.0.18"/>
    <property name="user.dir" value="/home/livquik/Desktop/karate_demo/myproject"/>
    <property name="os.arch" value="amd64"/>
    <property name="java.vm.specification.name" value="Java Virtual Machine Specification"/>
    <property name="java.awt.printerjob" value="sun.print.PSPrinterJob"/>
    <property name="sun.os.patch.level" value="unknown"/>
    <property name="java.library.path" value="/usr/java/packages/lib:/usr/lib/x86_64-linux-gnu/jni:/lib/x86_64-linux-gnu:/usr/lib/x86_64-linux-gnu:/usr/lib/jni:/lib:/usr/lib"/>
    <property name="java.vm.info" value="mixed mode, sharing"/>
    <property name="java.vendor" value="Ubuntu"/>
    <property name="java.vm.version" value="11.0.18+10-post-Ubuntu-0ubuntu118.04.1"/>
    <property name="sun.io.unicode.encoding" value="UnicodeLittle"/>
    <property name="java.class.version" value="55.0"/>
  </properties>
  <testcase name="process_payment[1][1]" classname="test.RunnerTest" time="2.954">
    <failure message="js failed:&#10;&gt;&gt;&gt;&gt;&#10;01: const jwt = require(&quot;jsonwebtoken&quot;);&#10;02: const reqBody = {&#10;03: mobileNumber: &quot;+918369221597&quot;,&#10;04: deviceId: &quot;123456&quot;,&#10;05: };&#10;06: const secretKey = &quot;sk_live_1IQbrlbJbsUbwECZSIesC94A6JlY2fbTnlFJu7yT&quot;;&#10;07: function generateToken(reqBody, secretKey) {&#10;08: const token = jwt.sign(reqBody, secretKey, { expiresIn: 60 * 15 });&#10;09: return token;&#10;10: }&#10;&lt;&lt;&lt;&lt;&#10;org.graalvm.polyglot.PolyglotException: ReferenceError: &quot;require&quot; is not defined&#10;- &lt;js&gt;.:program(Unnamed:1)&#10;&#10;classpath:test/readJSON.feature:7" type="org.opentest4j.AssertionFailedError"><![CDATA[org.opentest4j.AssertionFailedError: 
js failed:
>>>>
01: const jwt = require("jsonwebtoken");
02: const reqBody = {
03: mobileNumber: "+918369221597",
04: deviceId: "123456",
05: };
06: const secretKey = "sk_live_1IQbrlbJbsUbwECZSIesC94A6JlY2fbTnlFJu7yT";
07: function generateToken(reqBody, secretKey) {
08: const token = jwt.sign(reqBody, secretKey, { expiresIn: 60 * 15 });
09: return token;
10: }
<<<<
org.graalvm.polyglot.PolyglotException: ReferenceError: "require" is not defined
- <js>.:program(Unnamed:1)

classpath:test/readJSON.feature:7
]]></failure>
    <system-out><![CDATA[23:53:01.850 [main] DEBUG com.intuit.karate.Suite - [config] classpath:karate-config.js
23:53:03.140 [main] INFO  com.intuit.karate - karate.env system property was: null 
23:53:03.224 [main] ERROR com.intuit.karate - classpath:test/readJSON.feature:7
* def returntoken =
"""
const jwt = require("jsonwebtoken");
const reqBody = {
mobileNumber: "+918369221597",
deviceId: "123456",
};
const secretKey = "sk_live_1IQbrlbJbsUbwECZSIesC94A6JlY2fbTnlFJu7yT";
function generateToken(reqBody, secretKey) {
const token = jwt.sign(reqBody, secretKey, { expiresIn: 60 * 15 });
return token;
}
"""
js failed:
>>>>
01: const jwt = require("jsonwebtoken");
02: const reqBody = {
03: mobileNumber: "+918369221597",
04: deviceId: "123456",
05: };
06: const secretKey = "sk_live_1IQbrlbJbsUbwECZSIesC94A6JlY2fbTnlFJu7yT";
07: function generateToken(reqBody, secretKey) {
08: const token = jwt.sign(reqBody, secretKey, { expiresIn: 60 * 15 });
09: return token;
10: }
<<<<
org.graalvm.polyglot.PolyglotException: ReferenceError: "require" is not defined
- <js>.:program(Unnamed:1)

classpath:test/readJSON.feature:7
---------------------------------------------------------
feature: classpath:test/readJSON.feature
scenarios:  1 | passed:  0 | failed:  1 | time: 0.0294
---------------------------------------------------------

Karate version: 1.3.1
======================================================
elapsed:   3.00 | threads:    1 | thread time: 0.03 
features:     1 | skipped:    0 | efficiency: 0.01
scenarios:    1 | passed:     0 | failed: 1
======================================================
>>> failed features:
js failed:
>>>>
01: const jwt = require("jsonwebtoken");
02: const reqBody = {
03: mobileNumber: "+918369221597",
04: deviceId: "123456",
05: };
06: const secretKey = "sk_live_1IQbrlbJbsUbwECZSIesC94A6JlY2fbTnlFJu7yT";
07: function generateToken(reqBody, secretKey) {
08: const token = jwt.sign(reqBody, secretKey, { expiresIn: 60 * 15 });
09: return token;
10: }
<<<<
org.graalvm.polyglot.PolyglotException: ReferenceError: "require" is not defined
- <js>.:program(Unnamed:1)

classpath:test/readJSON.feature:7
<<<

HTML report: (paste into browser to view) | Karate version: 1.3.1
file:///home/livquik/Desktop/karate_demo/myproject/target/karate-reports/karate-summary.html
===================================================================

]]></system-out>
  </testcase>
</testsuite>