<?xml version="1.0" encoding="UTF-8"?>
<testsuite xmlns:xsi="http://www.w3.org/2001/XMLSchema-instance" xsi:noNamespaceSchemaLocation="https://maven.apache.org/surefire/maven-surefire-plugin/xsd/surefire-test-report.xsd" name="test.RunnerTest" time="5.027" tests="1" errors="0" skipped="0" failures="1">
  <properties>
    <property name="sun.desktop" value="gnome"/>
    <property name="awt.toolkit" value="sun.awt.X11.XToolkit"/>
    <property name="java.specification.version" value="11"/>
    <property name="sun.cpu.isalist" value=""/>
    <property name="sun.jnu.encoding" value="UTF-8"/>
    <property name="java.class.path" value="/home/livquik/Desktop/karate_demo/myproject/target/test-classes:/home/livquik/Desktop/karate_demo/myproject/target/classes:/home/livquik/.m2/repository/com/intuit/karate/karate-junit5/1.3.1/karate-junit5-1.3.1.jar:/home/livquik/.m2/repository/com/intuit/karate/karate-core/1.3.1/karate-core-1.3.1.jar:/home/livquik/.m2/repository/org/graalvm/js/js-scriptengine/22.0.0.2/js-scriptengine-22.0.0.2.jar:/home/livquik/.m2/repository/org/graalvm/sdk/graal-sdk/22.0.0.2/graal-sdk-22.0.0.2.jar:/home/livquik/.m2/repository/org/graalvm/js/js/22.0.0.2/js-22.0.0.2.jar:/home/livquik/.m2/repository/org/graalvm/regex/regex/22.0.0.2/regex-22.0.0.2.jar:/home/livquik/.m2/repository/org/graalvm/truffle/truffle-api/22.0.0.2/truffle-api-22.0.0.2.jar:/home/livquik/.m2/repository/org/thymeleaf/thymeleaf/3.0.14.RELEASE/thymeleaf-3.0.14.RELEASE.jar:/home/livquik/.m2/repository/ognl/ognl/3.1.26/ognl-3.1.26.jar:/home/livquik/.m2/repository/org/javassist/javassist/3.20.0-GA/javassist-3.20.0-GA.jar:/home/livquik/.m2/repository/org/attoparser/attoparser/2.0.5.RELEASE/attoparser-2.0.5.RELEASE.jar:/home/livquik/.m2/repository/org/unbescape/unbescape/1.1.6.RELEASE/unbescape-1.1.6.RELEASE.jar:/home/livquik/.m2/repository/org/slf4j/slf4j-api/1.7.25/slf4j-api-1.7.25.jar:/home/livquik/.m2/repository/com/linecorp/armeria/armeria/1.18.0/armeria-1.18.0.jar:/home/livquik/.m2/repository/com/fasterxml/jackson/core/jackson-core/2.13.3/jackson-core-2.13.3.jar:/home/livquik/.m2/repository/com/fasterxml/jackson/core/jackson-annotations/2.13.3/jackson-annotations-2.13.3.jar:/home/livquik/.m2/repository/com/fasterxml/jackson/core/jackson-databind/2.13.3/jackson-databind-2.13.3.jar:/home/livquik/.m2/repository/io/micrometer/micrometer-core/1.9.2/micrometer-core-1.9.2.jar:/home/livquik/.m2/repository/org/hdrhistogram/HdrHistogram/2.1.12/HdrHistogram-2.1.12.jar:/home/livquik/.m2/repository/org/latencyutils/LatencyUtils/2.0.3/LatencyUtils-2.0.3.jar:/home/livquik/.m2/repository/io/netty/netty-transport/4.1.79.Final/netty-transport-4.1.79.Final.jar:/home/livquik/.m2/repository/io/netty/netty-common/4.1.79.Final/netty-common-4.1.79.Final.jar:/home/livquik/.m2/repository/io/netty/netty-buffer/4.1.79.Final/netty-buffer-4.1.79.Final.jar:/home/livquik/.m2/repository/io/netty/netty-resolver/4.1.79.Final/netty-resolver-4.1.79.Final.jar:/home/livquik/.m2/repository/io/netty/netty-codec-haproxy/4.1.79.Final/netty-codec-haproxy-4.1.79.Final.jar:/home/livquik/.m2/repository/io/netty/netty-codec/4.1.79.Final/netty-codec-4.1.79.Final.jar:/home/livquik/.m2/repository/io/netty/netty-codec-http2/4.1.79.Final/netty-codec-http2-4.1.79.Final.jar:/home/livquik/.m2/repository/io/netty/netty-handler/4.1.79.Final/netty-handler-4.1.79.Final.jar:/home/livquik/.m2/repository/io/netty/netty-codec-http/4.1.79.Final/netty-codec-http-4.1.79.Final.jar:/home/livquik/.m2/repository/io/netty/netty-resolver-dns/4.1.79.Final/netty-resolver-dns-4.1.79.Final.jar:/home/livquik/.m2/repository/io/netty/netty-codec-dns/4.1.79.Final/netty-codec-dns-4.1.79.Final.jar:/home/livquik/.m2/repository/org/reactivestreams/reactive-streams/1.0.4/reactive-streams-1.0.4.jar:/home/livquik/.m2/repository/com/google/code/findbugs/jsr305/3.0.2/jsr305-3.0.2.jar:/home/livquik/.m2/repository/io/netty/netty-transport-native-unix-common/4.1.79.Final/netty-transport-native-unix-common-4.1.79.Final-linux-x86_64.jar:/home/livquik/.m2/repository/io/netty/netty-transport-native-epoll/4.1.79.Final/netty-transport-native-epoll-4.1.79.Final-linux-x86_64.jar:/home/livquik/.m2/repository/io/netty/netty-transport-native-unix-common/4.1.79.Final/netty-transport-native-unix-common-4.1.79.Final.jar:/home/livquik/.m2/repository/io/netty/netty-transport-classes-epoll/4.1.79.Final/netty-transport-classes-epoll-4.1.79.Final.jar:/home/livquik/.m2/repository/io/netty/netty-resolver-dns-native-macos/4.1.79.Final/netty-resolver-dns-native-macos-4.1.79.Final-osx-x86_64.jar:/home/livquik/.m2/repository/io/netty/netty-resolver-dns-classes-macos/4.1.79.Final/netty-resolver-dns-classes-macos-4.1.79.Final.jar:/home/livquik/.m2/repository/io/netty/netty-resolver-dns-native-macos/4.1.79.Final/netty-resolver-dns-native-macos-4.1.79.Final-osx-aarch_64.jar:/home/livquik/.m2/repository/io/netty/netty-tcnative-boringssl-static/2.0.53.Final/netty-tcnative-boringssl-static-2.0.53.Final-linux-x86_64.jar:/home/livquik/.m2/repository/io/netty/netty-tcnative-classes/2.0.53.Final/netty-tcnative-classes-2.0.53.Final.jar:/home/livquik/.m2/repository/io/netty/netty-tcnative-boringssl-static/2.0.53.Final/netty-tcnative-boringssl-static-2.0.53.Final-linux-aarch_64.jar:/home/livquik/.m2/repository/io/netty/netty-tcnative-boringssl-static/2.0.53.Final/netty-tcnative-boringssl-static-2.0.53.Final-osx-x86_64.jar:/home/livquik/.m2/repository/io/netty/netty-tcnative-boringssl-static/2.0.53.Final/netty-tcnative-boringssl-static-2.0.53.Final-osx-aarch_64.jar:/home/livquik/.m2/repository/io/netty/netty-tcnative-boringssl-static/2.0.53.Final/netty-tcnative-boringssl-static-2.0.53.Final-windows-x86_64.jar:/home/livquik/.m2/repository/io/netty/netty-handler-proxy/4.1.79.Final/netty-handler-proxy-4.1.79.Final.jar:/home/livquik/.m2/repository/io/netty/netty-codec-socks/4.1.79.Final/netty-codec-socks-4.1.79.Final.jar:/home/livquik/.m2/repository/com/aayushatharva/brotli4j/brotli4j/1.7.1/brotli4j-1.7.1.jar:/home/livquik/.m2/repository/com/aayushatharva/brotli4j/native-linux-x86_64/1.7.1/native-linux-x86_64-1.7.1.jar:/home/livquik/.m2/repository/org/apache/httpcomponents/httpclient/4.5.13/httpclient-4.5.13.jar:/home/livquik/.m2/repository/org/apache/httpcomponents/httpcore/4.4.13/httpcore-4.4.13.jar:/home/livquik/.m2/repository/commons-codec/commons-codec/1.11/commons-codec-1.11.jar:/home/livquik/.m2/repository/ch/qos/logback/logback-classic/1.2.9/logback-classic-1.2.9.jar:/home/livquik/.m2/repository/ch/qos/logback/logback-core/1.2.9/logback-core-1.2.9.jar:/home/livquik/.m2/repository/org/slf4j/jcl-over-slf4j/1.7.32/jcl-over-slf4j-1.7.32.jar:/home/livquik/.m2/repository/org/antlr/antlr4-runtime/4.9.3/antlr4-runtime-4.9.3.jar:/home/livquik/.m2/repository/com/jayway/jsonpath/json-path/2.7.0/json-path-2.7.0.jar:/home/livquik/.m2/repository/net/minidev/json-smart/2.4.7/json-smart-2.4.7.jar:/home/livquik/.m2/repository/net/minidev/accessors-smart/2.4.7/accessors-smart-2.4.7.jar:/home/livquik/.m2/repository/org/ow2/asm/asm/9.1/asm-9.1.jar:/home/livquik/.m2/repository/info/cukes/cucumber-java/1.2.5/cucumber-java-1.2.5.jar:/home/livquik/.m2/repository/info/cukes/cucumber-core/1.2.5/cucumber-core-1.2.5.jar:/home/livquik/.m2/repository/org/yaml/snakeyaml/1.32/snakeyaml-1.32.jar:/home/livquik/.m2/repository/de/siegmar/fastcsv/2.0.0/fastcsv-2.0.0.jar:/home/livquik/.m2/repository/info/picocli/picocli/4.6.1/picocli-4.6.1.jar:/home/livquik/.m2/repository/io/github/classgraph/classgraph/4.8.149/classgraph-4.8.149.jar:/home/livquik/.m2/repository/io/github/t12y/resemble/1.0.2/resemble-1.0.2.jar:/home/livquik/.m2/repository/io/github/t12y/ssim/1.0.0/ssim-1.0.0.jar:/home/livquik/.m2/repository/org/junit/jupiter/junit-jupiter-api/5.7.2/junit-jupiter-api-5.7.2.jar:/home/livquik/.m2/repository/org/apiguardian/apiguardian-api/1.1.0/apiguardian-api-1.1.0.jar:/home/livquik/.m2/repository/org/opentest4j/opentest4j/1.2.0/opentest4j-1.2.0.jar:/home/livquik/.m2/repository/org/junit/platform/junit-platform-commons/1.7.2/junit-platform-commons-1.7.2.jar:/home/livquik/.m2/repository/org/junit/jupiter/junit-jupiter-engine/5.7.2/junit-jupiter-engine-5.7.2.jar:/home/livquik/.m2/repository/org/junit/platform/junit-platform-engine/1.7.2/junit-platform-engine-1.7.2.jar:"/>
    <property name="java.vm.vendor" value="Ubuntu"/>
    <property name="sun.arch.data.model" value="64"/>
    <property name="java.vendor.url" value="https://ubuntu.com/"/>
    <property name="user.timezone" value=""/>
    <property name="java.vm.specification.version" value="11"/>
    <property name="os.name" value="Linux"/>
    <property name="sun.java.launcher" value="SUN_STANDARD"/>
    <property name="user.country" value="GB"/>
    <property name="sun.boot.library.path" value="/usr/lib/jvm/java-11-openjdk-amd64/lib"/>
    <property name="sun.java.command" value="/home/livquik/Desktop/karate_demo/myproject/target/surefire/surefirebooter2574343594068608386.jar /home/livquik/Desktop/karate_demo/myproject/target/surefire 2023-03-23T17-55-17_112-jvmRun1 surefire5849096388156665561tmp surefire_010212702020431738307tmp"/>
    <property name="jdk.debug" value="release"/>
    <property name="surefire.test.class.path" value="/home/livquik/Desktop/karate_demo/myproject/target/test-classes:/home/livquik/Desktop/karate_demo/myproject/target/classes:/home/livquik/.m2/repository/com/intuit/karate/karate-junit5/1.3.1/karate-junit5-1.3.1.jar:/home/livquik/.m2/repository/com/intuit/karate/karate-core/1.3.1/karate-core-1.3.1.jar:/home/livquik/.m2/repository/org/graalvm/js/js-scriptengine/22.0.0.2/js-scriptengine-22.0.0.2.jar:/home/livquik/.m2/repository/org/graalvm/sdk/graal-sdk/22.0.0.2/graal-sdk-22.0.0.2.jar:/home/livquik/.m2/repository/org/graalvm/js/js/22.0.0.2/js-22.0.0.2.jar:/home/livquik/.m2/repository/org/graalvm/regex/regex/22.0.0.2/regex-22.0.0.2.jar:/home/livquik/.m2/repository/org/graalvm/truffle/truffle-api/22.0.0.2/truffle-api-22.0.0.2.jar:/home/livquik/.m2/repository/org/thymeleaf/thymeleaf/3.0.14.RELEASE/thymeleaf-3.0.14.RELEASE.jar:/home/livquik/.m2/repository/ognl/ognl/3.1.26/ognl-3.1.26.jar:/home/livquik/.m2/repository/org/javassist/javassist/3.20.0-GA/javassist-3.20.0-GA.jar:/home/livquik/.m2/repository/org/attoparser/attoparser/2.0.5.RELEASE/attoparser-2.0.5.RELEASE.jar:/home/livquik/.m2/repository/org/unbescape/unbescape/1.1.6.RELEASE/unbescape-1.1.6.RELEASE.jar:/home/livquik/.m2/repository/org/slf4j/slf4j-api/1.7.25/slf4j-api-1.7.25.jar:/home/livquik/.m2/repository/com/linecorp/armeria/armeria/1.18.0/armeria-1.18.0.jar:/home/livquik/.m2/repository/com/fasterxml/jackson/core/jackson-core/2.13.3/jackson-core-2.13.3.jar:/home/livquik/.m2/repository/com/fasterxml/jackson/core/jackson-annotations/2.13.3/jackson-annotations-2.13.3.jar:/home/livquik/.m2/repository/com/fasterxml/jackson/core/jackson-databind/2.13.3/jackson-databind-2.13.3.jar:/home/livquik/.m2/repository/io/micrometer/micrometer-core/1.9.2/micrometer-core-1.9.2.jar:/home/livquik/.m2/repository/org/hdrhistogram/HdrHistogram/2.1.12/HdrHistogram-2.1.12.jar:/home/livquik/.m2/repository/org/latencyutils/LatencyUtils/2.0.3/LatencyUtils-2.0.3.jar:/home/livquik/.m2/repository/io/netty/netty-transport/4.1.79.Final/netty-transport-4.1.79.Final.jar:/home/livquik/.m2/repository/io/netty/netty-common/4.1.79.Final/netty-common-4.1.79.Final.jar:/home/livquik/.m2/repository/io/netty/netty-buffer/4.1.79.Final/netty-buffer-4.1.79.Final.jar:/home/livquik/.m2/repository/io/netty/netty-resolver/4.1.79.Final/netty-resolver-4.1.79.Final.jar:/home/livquik/.m2/repository/io/netty/netty-codec-haproxy/4.1.79.Final/netty-codec-haproxy-4.1.79.Final.jar:/home/livquik/.m2/repository/io/netty/netty-codec/4.1.79.Final/netty-codec-4.1.79.Final.jar:/home/livquik/.m2/repository/io/netty/netty-codec-http2/4.1.79.Final/netty-codec-http2-4.1.79.Final.jar:/home/livquik/.m2/repository/io/netty/netty-handler/4.1.79.Final/netty-handler-4.1.79.Final.jar:/home/livquik/.m2/repository/io/netty/netty-codec-http/4.1.79.Final/netty-codec-http-4.1.79.Final.jar:/home/livquik/.m2/repository/io/netty/netty-resolver-dns/4.1.79.Final/netty-resolver-dns-4.1.79.Final.jar:/home/livquik/.m2/repository/io/netty/netty-codec-dns/4.1.79.Final/netty-codec-dns-4.1.79.Final.jar:/home/livquik/.m2/repository/org/reactivestreams/reactive-streams/1.0.4/reactive-streams-1.0.4.jar:/home/livquik/.m2/repository/com/google/code/findbugs/jsr305/3.0.2/jsr305-3.0.2.jar:/home/livquik/.m2/repository/io/netty/netty-transport-native-unix-common/4.1.79.Final/netty-transport-native-unix-common-4.1.79.Final-linux-x86_64.jar:/home/livquik/.m2/repository/io/netty/netty-transport-native-epoll/4.1.79.Final/netty-transport-native-epoll-4.1.79.Final-linux-x86_64.jar:/home/livquik/.m2/repository/io/netty/netty-transport-native-unix-common/4.1.79.Final/netty-transport-native-unix-common-4.1.79.Final.jar:/home/livquik/.m2/repository/io/netty/netty-transport-classes-epoll/4.1.79.Final/netty-transport-classes-epoll-4.1.79.Final.jar:/home/livquik/.m2/repository/io/netty/netty-resolver-dns-native-macos/4.1.79.Final/netty-resolver-dns-native-macos-4.1.79.Final-osx-x86_64.jar:/home/livquik/.m2/repository/io/netty/netty-resolver-dns-classes-macos/4.1.79.Final/netty-resolver-dns-classes-macos-4.1.79.Final.jar:/home/livquik/.m2/repository/io/netty/netty-resolver-dns-native-macos/4.1.79.Final/netty-resolver-dns-native-macos-4.1.79.Final-osx-aarch_64.jar:/home/livquik/.m2/repository/io/netty/netty-tcnative-boringssl-static/2.0.53.Final/netty-tcnative-boringssl-static-2.0.53.Final-linux-x86_64.jar:/home/livquik/.m2/repository/io/netty/netty-tcnative-classes/2.0.53.Final/netty-tcnative-classes-2.0.53.Final.jar:/home/livquik/.m2/repository/io/netty/netty-tcnative-boringssl-static/2.0.53.Final/netty-tcnative-boringssl-static-2.0.53.Final-linux-aarch_64.jar:/home/livquik/.m2/repository/io/netty/netty-tcnative-boringssl-static/2.0.53.Final/netty-tcnative-boringssl-static-2.0.53.Final-osx-x86_64.jar:/home/livquik/.m2/repository/io/netty/netty-tcnative-boringssl-static/2.0.53.Final/netty-tcnative-boringssl-static-2.0.53.Final-osx-aarch_64.jar:/home/livquik/.m2/repository/io/netty/netty-tcnative-boringssl-static/2.0.53.Final/netty-tcnative-boringssl-static-2.0.53.Final-windows-x86_64.jar:/home/livquik/.m2/repository/io/netty/netty-handler-proxy/4.1.79.Final/netty-handler-proxy-4.1.79.Final.jar:/home/livquik/.m2/repository/io/netty/netty-codec-socks/4.1.79.Final/netty-codec-socks-4.1.79.Final.jar:/home/livquik/.m2/repository/com/aayushatharva/brotli4j/brotli4j/1.7.1/brotli4j-1.7.1.jar:/home/livquik/.m2/repository/com/aayushatharva/brotli4j/native-linux-x86_64/1.7.1/native-linux-x86_64-1.7.1.jar:/home/livquik/.m2/repository/org/apache/httpcomponents/httpclient/4.5.13/httpclient-4.5.13.jar:/home/livquik/.m2/repository/org/apache/httpcomponents/httpcore/4.4.13/httpcore-4.4.13.jar:/home/livquik/.m2/repository/commons-codec/commons-codec/1.11/commons-codec-1.11.jar:/home/livquik/.m2/repository/ch/qos/logback/logback-classic/1.2.9/logback-classic-1.2.9.jar:/home/livquik/.m2/repository/ch/qos/logback/logback-core/1.2.9/logback-core-1.2.9.jar:/home/livquik/.m2/repository/org/slf4j/jcl-over-slf4j/1.7.32/jcl-over-slf4j-1.7.32.jar:/home/livquik/.m2/repository/org/antlr/antlr4-runtime/4.9.3/antlr4-runtime-4.9.3.jar:/home/livquik/.m2/repository/com/jayway/jsonpath/json-path/2.7.0/json-path-2.7.0.jar:/home/livquik/.m2/repository/net/minidev/json-smart/2.4.7/json-smart-2.4.7.jar:/home/livquik/.m2/repository/net/minidev/accessors-smart/2.4.7/accessors-smart-2.4.7.jar:/home/livquik/.m2/repository/org/ow2/asm/asm/9.1/asm-9.1.jar:/home/livquik/.m2/repository/info/cukes/cucumber-java/1.2.5/cucumber-java-1.2.5.jar:/home/livquik/.m2/repository/info/cukes/cucumber-core/1.2.5/cucumber-core-1.2.5.jar:/home/livquik/.m2/repository/org/yaml/snakeyaml/1.32/snakeyaml-1.32.jar:/home/livquik/.m2/repository/de/siegmar/fastcsv/2.0.0/fastcsv-2.0.0.jar:/home/livquik/.m2/repository/info/picocli/picocli/4.6.1/picocli-4.6.1.jar:/home/livquik/.m2/repository/io/github/classgraph/classgraph/4.8.149/classgraph-4.8.149.jar:/home/livquik/.m2/repository/io/github/t12y/resemble/1.0.2/resemble-1.0.2.jar:/home/livquik/.m2/repository/io/github/t12y/ssim/1.0.0/ssim-1.0.0.jar:/home/livquik/.m2/repository/org/junit/jupiter/junit-jupiter-api/5.7.2/junit-jupiter-api-5.7.2.jar:/home/livquik/.m2/repository/org/apiguardian/apiguardian-api/1.1.0/apiguardian-api-1.1.0.jar:/home/livquik/.m2/repository/org/opentest4j/opentest4j/1.2.0/opentest4j-1.2.0.jar:/home/livquik/.m2/repository/org/junit/platform/junit-platform-commons/1.7.2/junit-platform-commons-1.7.2.jar:/home/livquik/.m2/repository/org/junit/jupiter/junit-jupiter-engine/5.7.2/junit-jupiter-engine-5.7.2.jar:/home/livquik/.m2/repository/org/junit/platform/junit-platform-engine/1.7.2/junit-platform-engine-1.7.2.jar:"/>
    <property name="sun.cpu.endian" value="little"/>
    <property name="user.home" value="/home/livquik"/>
    <property name="user.language" value="en"/>
    <property name="java.specification.vendor" value="Oracle Corporation"/>
    <property name="java.version.date" value="2023-01-17"/>
    <property name="java.home" value="/usr/lib/jvm/java-11-openjdk-amd64"/>
    <property name="file.separator" value="/"/>
    <property name="basedir" value="/home/livquik/Desktop/karate_demo/myproject"/>
    <property name="java.vm.compressedOopsMode" value="32-bit"/>
    <property name="line.separator" value="&#10;"/>
    <property name="java.specification.name" value="Java Platform API Specification"/>
    <property name="java.vm.specification.vendor" value="Oracle Corporation"/>
    <property name="java.awt.graphicsenv" value="sun.awt.X11GraphicsEnvironment"/>
    <property name="surefire.real.class.path" value="/home/livquik/Desktop/karate_demo/myproject/target/surefire/surefirebooter2574343594068608386.jar"/>
    <property name="sun.management.compiler" value="HotSpot 64-Bit Tiered Compilers"/>
    <property name="java.runtime.version" value="11.0.18+10-post-Ubuntu-0ubuntu118.04.1"/>
    <property name="user.name" value="livquik"/>
    <property name="path.separator" value=":"/>
    <property name="os.version" value="5.4.0-144-generic"/>
    <property name="java.runtime.name" value="OpenJDK Runtime Environment"/>
    <property name="file.encoding" value="UTF-8"/>
    <property name="java.vm.name" value="OpenJDK 64-Bit Server VM"/>
    <property name="localRepository" value="/home/livquik/.m2/repository"/>
    <property name="java.vendor.url.bug" value="https://bugs.launchpad.net/ubuntu/+source/openjdk-lts"/>
    <property name="java.io.tmpdir" value="/tmp"/>
    <property name="java.version" value="11.0.18"/>
    <property name="user.dir" value="/home/livquik/Desktop/karate_demo/myproject"/>
    <property name="os.arch" value="amd64"/>
    <property name="java.vm.specification.name" value="Java Virtual Machine Specification"/>
    <property name="java.awt.printerjob" value="sun.print.PSPrinterJob"/>
    <property name="sun.os.patch.level" value="unknown"/>
    <property name="java.library.path" value="/usr/java/packages/lib:/usr/lib/x86_64-linux-gnu/jni:/lib/x86_64-linux-gnu:/usr/lib/x86_64-linux-gnu:/usr/lib/jni:/lib:/usr/lib"/>
    <property name="java.vm.info" value="mixed mode, sharing"/>
    <property name="java.vendor" value="Ubuntu"/>
    <property name="java.vm.version" value="11.0.18+10-post-Ubuntu-0ubuntu118.04.1"/>
    <property name="sun.io.unicode.encoding" value="UnicodeLittle"/>
    <property name="java.class.version" value="55.0"/>
  </properties>
  <testcase name="process_payment[1][1]" classname="test.RunnerTest" time="3.252">
    <failure message="js failed:&#10;&gt;&gt;&gt;&gt;&#10;01: read(&apos;token.feature&apos;)&#10;&lt;&lt;&lt;&lt;&#10;org.graalvm.polyglot.PolyglotException: mismatched input &apos;&lt;EOF&gt;&apos; expecting {FEATURE_TAGS, FEATURE}&#10;- com.intuit.karate.core.FeatureParser.parse(FeatureParser.java:74)&#10;- com.intuit.karate.core.Feature.read(Feature.java:63)&#10;- com.intuit.karate.core.ScenarioFileReader.readFile(ScenarioFileReader.java:65)&#10;- com.intuit.karate.core.ScenarioEngine.lambda$new$0(ScenarioEngine.java:120)&#10;- &lt;js&gt;.:program(Unnamed:1)&#10;&#10;classpath:test/readJSON.feature:5" type="org.opentest4j.AssertionFailedError"><![CDATA[org.opentest4j.AssertionFailedError: 
js failed:
>>>>
01: read('token.feature')
<<<<
org.graalvm.polyglot.PolyglotException: mismatched input '<EOF>' expecting {FEATURE_TAGS, FEATURE}
- com.intuit.karate.core.FeatureParser.parse(FeatureParser.java:74)
- com.intuit.karate.core.Feature.read(Feature.java:63)
- com.intuit.karate.core.ScenarioFileReader.readFile(ScenarioFileReader.java:65)
- com.intuit.karate.core.ScenarioEngine.lambda$new$0(ScenarioEngine.java:120)
- <js>.:program(Unnamed:1)

classpath:test/readJSON.feature:5
]]></failure>
    <system-out><![CDATA[17:55:20.206 [main] DEBUG com.intuit.karate.Suite - [config] classpath:karate-config.js
17:55:21.494 [main] INFO  com.intuit.karate - karate.env system property was: null 
17:55:21.638 [main] ERROR com.intuit.karate.core.FeatureParser - not a valid feature file: test/token.feature - mismatched input '<EOF>' expecting {FEATURE_TAGS, FEATURE}
17:55:21.679 [main] ERROR com.intuit.karate - classpath:test/readJSON.feature:5
* def jsonwebtoken = call read('token.feature')
js failed:
>>>>
01: read('token.feature')
<<<<
org.graalvm.polyglot.PolyglotException: mismatched input '<EOF>' expecting {FEATURE_TAGS, FEATURE}
- com.intuit.karate.core.FeatureParser.parse(FeatureParser.java:74)
- com.intuit.karate.core.Feature.read(Feature.java:63)
- com.intuit.karate.core.ScenarioFileReader.readFile(ScenarioFileReader.java:65)
- com.intuit.karate.core.ScenarioEngine.lambda$new$0(ScenarioEngine.java:120)
- <js>.:program(Unnamed:1)

classpath:test/readJSON.feature:5
---------------------------------------------------------
feature: classpath:test/readJSON.feature
scenarios:  1 | passed:  0 | failed:  1 | time: 0.1421
---------------------------------------------------------

Karate version: 1.3.1
======================================================
elapsed:   3.14 | threads:    1 | thread time: 0.14 
features:     1 | skipped:    0 | efficiency: 0.05
scenarios:    1 | passed:     0 | failed: 1
======================================================
>>> failed features:
js failed:
>>>>
01: read('token.feature')
<<<<
org.graalvm.polyglot.PolyglotException: mismatched input '<EOF>' expecting {FEATURE_TAGS, FEATURE}
- com.intuit.karate.core.FeatureParser.parse(FeatureParser.java:74)
- com.intuit.karate.core.Feature.read(Feature.java:63)
- com.intuit.karate.core.ScenarioFileReader.readFile(ScenarioFileReader.java:65)
- com.intuit.karate.core.ScenarioEngine.lambda$new$0(ScenarioEngine.java:120)
- <js>.:program(Unnamed:1)

classpath:test/readJSON.feature:5
<<<

HTML report: (paste into browser to view) | Karate version: 1.3.1
file:///home/livquik/Desktop/karate_demo/myproject/target/karate-reports/karate-summary.html
===================================================================

]]></system-out>
    <system-err><![CDATA[line 1:0 token recognition error at: '\nB'
line 2:1 token recognition error at: 'a'
line 2:2 token recognition error at: 'c'
line 2:3 token recognition error at: 'k'
line 2:4 token recognition error at: 'g'
line 2:5 token recognition error at: 'r'
line 2:6 token recognition error at: 'o'
line 2:7 token recognition error at: 'u'
line 2:8 token recognition error at: 'n'
line 2:9 token recognition error at: 'd'
line 2:10 token recognition error at: ':'
line 2:11 token recognition error at: '\n*'
line 3:1 token recognition error at: ' d'
line 3:3 token recognition error at: 'e'
line 3:4 token recognition error at: 'f'
line 3:5 token recognition error at: ' g'
line 3:7 token recognition error at: 'e'
line 3:8 token recognition error at: 'n'
line 3:9 token recognition error at: 'e'
line 3:10 token recognition error at: 'r'
line 3:11 token recognition error at: 'a'
line 3:12 token recognition error at: 't'
line 3:13 token recognition error at: 'e'
line 3:14 token recognition error at: 'T'
line 3:15 token recognition error at: 'o'
line 3:16 token recognition error at: 'k'
line 3:17 token recognition error at: 'e'
line 3:18 token recognition error at: 'n'
line 3:19 token recognition error at: ' ='
line 3:21 token recognition error at: '\n"'
line 4:1 token recognition error at: '"'
line 4:2 token recognition error at: '"'
line 4:3 token recognition error at: '\nf'
line 5:1 token recognition error at: 'u'
line 5:2 token recognition error at: 'n'
line 5:3 token recognition error at: 'c'
line 5:4 token recognition error at: 't'
line 5:5 token recognition error at: 'i'
line 5:6 token recognition error at: 'o'
line 5:7 token recognition error at: 'n'
line 5:8 token recognition error at: '('
line 5:9 token recognition error at: 'g'
line 5:10 token recognition error at: 'e'
line 5:11 token recognition error at: 'n'
line 5:12 token recognition error at: 'e'
line 5:13 token recognition error at: 'r'
line 5:14 token recognition error at: 'a'
line 5:15 token recognition error at: 't'
line 5:16 token recognition error at: 'e'
line 5:17 token recognition error at: 'T'
line 5:18 token recognition error at: 'o'
line 5:19 token recognition error at: 'k'
line 5:20 token recognition error at: 'e'
line 5:21 token recognition error at: 'n'
line 5:22 token recognition error at: ')'
line 5:23 token recognition error at: ' {'
line 5:25 token recognition error at: '\n\nc'
line 7:1 token recognition error at: 'o'
line 7:2 token recognition error at: 'n'
line 7:3 token recognition error at: 's'
line 7:4 token recognition error at: 't'
line 7:5 token recognition error at: ' j'
line 7:7 token recognition error at: 'w'
line 7:8 token recognition error at: 't'
line 7:9 token recognition error at: ' ='
line 7:11 token recognition error at: ' r'
line 7:13 token recognition error at: 'e'
line 7:14 token recognition error at: 'q'
line 7:15 token recognition error at: 'u'
line 7:16 token recognition error at: 'i'
line 7:17 token recognition error at: 'r'
line 7:18 token recognition error at: 'e'
line 7:19 token recognition error at: '('
line 7:20 token recognition error at: '"'
line 7:21 token recognition error at: 'j'
line 7:22 token recognition error at: 's'
line 7:23 token recognition error at: 'o'
line 7:24 token recognition error at: 'n'
line 7:25 token recognition error at: 'w'
line 7:26 token recognition error at: 'e'
line 7:27 token recognition error at: 'b'
line 7:28 token recognition error at: 't'
line 7:29 token recognition error at: 'o'
line 7:30 token recognition error at: 'k'
line 7:31 token recognition error at: 'e'
line 7:32 token recognition error at: 'n'
line 7:33 token recognition error at: '"'
line 7:34 token recognition error at: ')'
line 7:35 token recognition error at: ';'
line 7:36 token recognition error at: '\nc'
line 8:1 token recognition error at: 'o'
line 8:2 token recognition error at: 'n'
line 8:3 token recognition error at: 's'
line 8:4 token recognition error at: 't'
line 8:5 token recognition error at: ' f'
line 8:7 token recognition error at: 's'
line 8:8 token recognition error at: ' ='
line 8:10 token recognition error at: ' r'
line 8:12 token recognition error at: 'e'
line 8:13 token recognition error at: 'q'
line 8:14 token recognition error at: 'u'
line 8:15 token recognition error at: 'i'
line 8:16 token recognition error at: 'r'
line 8:17 token recognition error at: 'e'
line 8:18 token recognition error at: '('
line 8:19 token recognition error at: '''
line 8:20 token recognition error at: 'f'
line 8:21 token recognition error at: 's'
line 8:22 token recognition error at: '''
line 8:23 token recognition error at: ')'
line 8:24 token recognition error at: ';'
line 8:25 token recognition error at: '\n\nc'
line 10:1 token recognition error at: 'o'
line 10:2 token recognition error at: 'n'
line 10:3 token recognition error at: 's'
line 10:4 token recognition error at: 't'
line 10:5 token recognition error at: ' r'
line 10:7 token recognition error at: 'e'
line 10:8 token recognition error at: 'q'
line 10:9 token recognition error at: 'B'
line 10:10 token recognition error at: 'o'
line 10:11 token recognition error at: 'd'
line 10:12 token recognition error at: 'y'
line 10:13 token recognition error at: ' ='
line 10:15 token recognition error at: ' {'
line 10:17 token recognition error at: '\n  m'
line 11:3 token recognition error at: 'o'
line 11:4 token recognition error at: 'b'
line 11:5 token recognition error at: 'i'
line 11:6 token recognition error at: 'l'
line 11:7 token recognition error at: 'e'
line 11:8 token recognition error at: 'N'
line 11:9 token recognition error at: 'u'
line 11:10 token recognition error at: 'm'
line 11:11 token recognition error at: 'b'
line 11:12 token recognition error at: 'e'
line 11:13 token recognition error at: 'r'
line 11:14 token recognition error at: ':'
line 11:15 token recognition error at: ' "'
line 11:17 token recognition error at: '+'
line 11:18 token recognition error at: '9'
line 11:19 token recognition error at: '1'
line 11:20 token recognition error at: '8'
line 11:21 token recognition error at: '3'
line 11:22 token recognition error at: '6'
line 11:23 token recognition error at: '9'
line 11:24 token recognition error at: '2'
line 11:25 token recognition error at: '2'
line 11:26 token recognition error at: '1'
line 11:27 token recognition error at: '5'
line 11:28 token recognition error at: '9'
line 11:29 token recognition error at: '7'
line 11:30 token recognition error at: '"'
line 11:31 token recognition error at: ','
line 11:32 token recognition error at: '\n  d'
line 12:3 token recognition error at: 'e'
line 12:4 token recognition error at: 'v'
line 12:5 token recognition error at: 'i'
line 12:6 token recognition error at: 'c'
line 12:7 token recognition error at: 'e'
line 12:8 token recognition error at: 'I'
line 12:9 token recognition error at: 'd'
line 12:10 token recognition error at: ':'
line 12:11 token recognition error at: ' "'
line 12:13 token recognition error at: '1'
line 12:14 token recognition error at: '2'
line 12:15 token recognition error at: '3'
line 12:16 token recognition error at: '4'
line 12:17 token recognition error at: '5'
line 12:18 token recognition error at: '6'
line 12:19 token recognition error at: '"'
line 12:20 token recognition error at: ','
line 12:21 token recognition error at: '\n  c'
line 13:3 token recognition error at: 'h'
line 13:4 token recognition error at: 'a'
line 13:5 token recognition error at: 'n'
line 13:6 token recognition error at: 'n'
line 13:7 token recognition error at: 'e'
line 13:8 token recognition error at: 'l'
line 13:9 token recognition error at: ':'
line 13:10 token recognition error at: ' "'
line 13:12 token recognition error at: 'a'
line 13:13 token recognition error at: 'p'
line 13:14 token recognition error at: 'p'
line 13:15 token recognition error at: '"'
line 13:16 token recognition error at: ','
line 13:17 token recognition error at: '\n  m'
line 14:3 token recognition error at: 'e'
line 14:4 token recognition error at: 'r'
line 14:5 token recognition error at: 'c'
line 14:6 token recognition error at: 'h'
line 14:7 token recognition error at: 'a'
line 14:8 token recognition error at: 'n'
line 14:9 token recognition error at: 't'
line 14:10 token recognition error at: 'I'
line 14:11 token recognition error at: 'd'
line 14:12 token recognition error at: ':'
line 14:13 token recognition error at: ' "'
line 14:15 token recognition error at: 'f'
line 14:16 token recognition error at: 'z'
line 14:17 token recognition error at: 'A'
line 14:18 token recognition error at: 'M'
line 14:19 token recognition error at: 'J'
line 14:20 token recognition error at: 'r'
line 14:21 token recognition error at: 'X'
line 14:22 token recognition error at: 'c'
line 14:23 token recognition error at: 'r'
line 14:24 token recognition error at: '"'
line 14:25 token recognition error at: ','
line 14:26 token recognition error at: '\n  a'
line 15:3 token recognition error at: 'm'
line 15:4 token recognition error at: 'o'
line 15:5 token recognition error at: 'u'
line 15:6 token recognition error at: 'n'
line 15:7 token recognition error at: 't'
line 15:8 token recognition error at: ':'
line 15:9 token recognition error at: ' "'
line 15:11 token recognition error at: '1'
line 15:12 token recognition error at: '0'
line 15:13 token recognition error at: '0'
line 15:14 token recognition error at: '0'
line 15:15 token recognition error at: '"'
line 15:16 token recognition error at: ','
line 15:17 token recognition error at: '\n  c'
line 16:3 token recognition error at: 'u'
line 16:4 token recognition error at: 'r'
line 16:5 token recognition error at: 'r'
line 16:6 token recognition error at: 'e'
line 16:7 token recognition error at: 'n'
line 16:8 token recognition error at: 'c'
line 16:9 token recognition error at: 'y'
line 16:10 token recognition error at: ':'
line 16:11 token recognition error at: ' "'
line 16:13 token recognition error at: 'I'
line 16:14 token recognition error at: 'N'
line 16:15 token recognition error at: 'R'
line 16:16 token recognition error at: '"'
line 16:17 token recognition error at: '\n}'
line 17:1 token recognition error at: ';'
line 17:2 token recognition error at: '\n\nc'
line 19:1 token recognition error at: 'o'
line 19:2 token recognition error at: 'n'
line 19:3 token recognition error at: 's'
line 19:4 token recognition error at: 't'
line 19:5 token recognition error at: ' s'
line 19:7 token recognition error at: 'e'
line 19:8 token recognition error at: 'c'
line 19:9 token recognition error at: 'r'
line 19:10 token recognition error at: 'e'
line 19:11 token recognition error at: 't'
line 19:12 token recognition error at: 'K'
line 19:13 token recognition error at: 'e'
line 19:14 token recognition error at: 'y'
line 19:15 token recognition error at: ' ='
line 19:17 token recognition error at: ' "'
line 19:19 token recognition error at: 's'
line 19:20 token recognition error at: 'k'
line 19:21 token recognition error at: '_'
line 19:22 token recognition error at: 'l'
line 19:23 token recognition error at: 'i'
line 19:24 token recognition error at: 'v'
line 19:25 token recognition error at: 'e'
line 19:26 token recognition error at: '_'
line 19:27 token recognition error at: '1'
line 19:28 token recognition error at: 'I'
line 19:29 token recognition error at: 'Q'
line 19:30 token recognition error at: 'b'
line 19:31 token recognition error at: 'r'
line 19:32 token recognition error at: 'l'
line 19:33 token recognition error at: 'b'
line 19:34 token recognition error at: 'J'
line 19:35 token recognition error at: 'b'
line 19:36 token recognition error at: 's'
line 19:37 token recognition error at: 'U'
line 19:38 token recognition error at: 'b'
line 19:39 token recognition error at: 'w'
line 19:40 token recognition error at: 'E'
line 19:41 token recognition error at: 'C'
line 19:42 token recognition error at: 'Z'
line 19:43 token recognition error at: 'S'
line 19:44 token recognition error at: 'I'
line 19:45 token recognition error at: 'e'
line 19:46 token recognition error at: 's'
line 19:47 token recognition error at: 'C'
line 19:48 token recognition error at: '9'
line 19:49 token recognition error at: '4'
line 19:50 token recognition error at: 'A'
line 19:51 token recognition error at: '6'
line 19:52 token recognition error at: 'J'
line 19:53 token recognition error at: 'l'
line 19:54 token recognition error at: 'Y'
line 19:55 token recognition error at: '2'
line 19:56 token recognition error at: 'f'
line 19:57 token recognition error at: 'b'
line 19:58 token recognition error at: 'T'
line 19:59 token recognition error at: 'n'
line 19:60 token recognition error at: 'l'
line 19:61 token recognition error at: 'FJ'
line 19:63 token recognition error at: 'u'
line 19:64 token recognition error at: '7'
line 19:65 token recognition error at: 'y'
line 19:66 token recognition error at: 'T'
line 19:67 token recognition error at: '"'
line 19:68 token recognition error at: ';'
line 19:69 token recognition error at: '\n\nf'
line 21:1 token recognition error at: 'u'
line 21:2 token recognition error at: 'n'
line 21:3 token recognition error at: 'c'
line 21:4 token recognition error at: 't'
line 21:5 token recognition error at: 'i'
line 21:6 token recognition error at: 'o'
line 21:7 token recognition error at: 'n'
line 21:8 token recognition error at: ' g'
line 21:10 token recognition error at: 'e'
line 21:11 token recognition error at: 'n'
line 21:12 token recognition error at: 'e'
line 21:13 token recognition error at: 'r'
line 21:14 token recognition error at: 'a'
line 21:15 token recognition error at: 't'
line 21:16 token recognition error at: 'e'
line 21:17 token recognition error at: 'T'
line 21:18 token recognition error at: 'o'
line 21:19 token recognition error at: 'k'
line 21:20 token recognition error at: 'e'
line 21:21 token recognition error at: 'n'
line 21:22 token recognition error at: '('
line 21:23 token recognition error at: 'r'
line 21:24 token recognition error at: 'e'
line 21:25 token recognition error at: 'q'
line 21:26 token recognition error at: 'B'
line 21:27 token recognition error at: 'o'
line 21:28 token recognition error at: 'd'
line 21:29 token recognition error at: 'y'
line 21:30 token recognition error at: ','
line 21:31 token recognition error at: ' s'
line 21:33 token recognition error at: 'e'
line 21:34 token recognition error at: 'c'
line 21:35 token recognition error at: 'r'
line 21:36 token recognition error at: 'e'
line 21:37 token recognition error at: 't'
line 21:38 token recognition error at: 'K'
line 21:39 token recognition error at: 'e'
line 21:40 token recognition error at: 'y'
line 21:41 token recognition error at: ')'
line 21:42 token recognition error at: ' {'
line 21:44 token recognition error at: '\n  c'
line 22:3 token recognition error at: 'o'
line 22:4 token recognition error at: 'n'
line 22:5 token recognition error at: 's'
line 22:6 token recognition error at: 't'
line 22:7 token recognition error at: ' t'
line 22:9 token recognition error at: 'o'
line 22:10 token recognition error at: 'k'
line 22:11 token recognition error at: 'e'
line 22:12 token recognition error at: 'n'
line 22:13 token recognition error at: ' ='
line 22:15 token recognition error at: ' j'
line 22:17 token recognition error at: 'w'
line 22:18 token recognition error at: 't'
line 22:19 token recognition error at: '.'
line 22:20 token recognition error at: 's'
line 22:21 token recognition error at: 'i'
line 22:22 token recognition error at: 'g'
line 22:23 token recognition error at: 'n'
line 22:24 token recognition error at: '('
line 22:25 token recognition error at: 'r'
line 22:26 token recognition error at: 'e'
line 22:27 token recognition error at: 'q'
line 22:28 token recognition error at: 'B'
line 22:29 token recognition error at: 'o'
line 22:30 token recognition error at: 'd'
line 22:31 token recognition error at: 'y'
line 22:32 token recognition error at: ','
line 22:33 token recognition error at: ' s'
line 22:35 token recognition error at: 'e'
line 22:36 token recognition error at: 'c'
line 22:37 token recognition error at: 'r'
line 22:38 token recognition error at: 'e'
line 22:39 token recognition error at: 't'
line 22:40 token recognition error at: 'K'
line 22:41 token recognition error at: 'e'
line 22:42 token recognition error at: 'y'
line 22:43 token recognition error at: ','
line 22:44 token recognition error at: ' {'
line 22:46 token recognition error at: ' e'
line 22:48 token recognition error at: 'x'
line 22:49 token recognition error at: 'p'
line 22:50 token recognition error at: 'i'
line 22:51 token recognition error at: 'r'
line 22:52 token recognition error at: 'e'
line 22:53 token recognition error at: 's'
line 22:54 token recognition error at: 'I'
line 22:55 token recognition error at: 'n'
line 22:56 token recognition error at: ':'
line 22:57 token recognition error at: ' 6'
line 22:59 token recognition error at: '0'
line 22:60 token recognition error at: ' *'
line 22:62 token recognition error at: ' 1'
line 22:64 token recognition error at: '5'
line 22:65 token recognition error at: ' }'
line 22:67 token recognition error at: ')'
line 22:68 token recognition error at: ';'
line 22:69 token recognition error at: '\n  r'
line 23:3 token recognition error at: 'e'
line 23:4 token recognition error at: 't'
line 23:5 token recognition error at: 'u'
line 23:6 token recognition error at: 'r'
line 23:7 token recognition error at: 'n'
line 23:8 token recognition error at: ' t'
line 23:10 token recognition error at: 'o'
line 23:11 token recognition error at: 'k'
line 23:12 token recognition error at: 'e'
line 23:13 token recognition error at: 'n'
line 23:14 token recognition error at: ';'
line 23:15 token recognition error at: '\n}'
line 24:1 token recognition error at: '\n\nc'
line 26:1 token recognition error at: 'o'
line 26:2 token recognition error at: 'n'
line 26:3 token recognition error at: 's'
line 26:4 token recognition error at: 't'
line 26:5 token recognition error at: ' t'
line 26:7 token recognition error at: 'o'
line 26:8 token recognition error at: 'k'
line 26:9 token recognition error at: 'e'
line 26:10 token recognition error at: 'n'
line 26:11 token recognition error at: ' ='
line 26:13 token recognition error at: ' g'
line 26:15 token recognition error at: 'e'
line 26:16 token recognition error at: 'n'
line 26:17 token recognition error at: 'e'
line 26:18 token recognition error at: 'r'
line 26:19 token recognition error at: 'a'
line 26:20 token recognition error at: 't'
line 26:21 token recognition error at: 'e'
line 26:22 token recognition error at: 'T'
line 26:23 token recognition error at: 'o'
line 26:24 token recognition error at: 'k'
line 26:25 token recognition error at: 'e'
line 26:26 token recognition error at: 'n'
line 26:27 token recognition error at: '('
line 26:28 token recognition error at: 'r'
line 26:29 token recognition error at: 'e'
line 26:30 token recognition error at: 'q'
line 26:31 token recognition error at: 'B'
line 26:32 token recognition error at: 'o'
line 26:33 token recognition error at: 'd'
line 26:34 token recognition error at: 'y'
line 26:35 token recognition error at: ','
line 26:36 token recognition error at: ' s'
line 26:38 token recognition error at: 'e'
line 26:39 token recognition error at: 'c'
line 26:40 token recognition error at: 'r'
line 26:41 token recognition error at: 'e'
line 26:42 token recognition error at: 't'
line 26:43 token recognition error at: 'K'
line 26:44 token recognition error at: 'e'
line 26:45 token recognition error at: 'y'
line 26:46 token recognition error at: ')'
line 26:47 token recognition error at: ';'
line 26:48 token recognition error at: '\nt'
line 27:1 token recognition error at: 'r'
line 27:2 token recognition error at: 'y'
line 27:3 token recognition error at: ' {'
line 27:5 token recognition error at: '\n  f'
line 28:3 token recognition error at: 's'
line 28:4 token recognition error at: '.'
line 28:5 token recognition error at: 'w'
line 28:6 token recognition error at: 'r'
line 28:7 token recognition error at: 'i'
line 28:8 token recognition error at: 't'
line 28:9 token recognition error at: 'e'
line 28:10 token recognition error at: 'Fi'
line 28:12 token recognition error at: 'l'
line 28:13 token recognition error at: 'e'
line 28:14 token recognition error at: 'S'
line 28:15 token recognition error at: 'y'
line 28:16 token recognition error at: 'n'
line 28:17 token recognition error at: 'c'
line 28:18 token recognition error at: '('
line 28:19 token recognition error at: '''
line 28:20 token recognition error at: 't'
line 28:21 token recognition error at: 'o'
line 28:22 token recognition error at: 'k'
line 28:23 token recognition error at: 'e'
line 28:24 token recognition error at: 'n'
line 28:25 token recognition error at: '.'
line 28:26 token recognition error at: 'j'
line 28:27 token recognition error at: 's'
line 28:28 token recognition error at: 'o'
line 28:29 token recognition error at: 'n'
line 28:30 token recognition error at: '''
line 28:31 token recognition error at: ','
line 28:32 token recognition error at: ' J'
line 28:34 token recognition error at: 'S'
line 28:35 token recognition error at: 'O'
line 28:36 token recognition error at: 'N'
line 28:37 token recognition error at: '.'
line 28:38 token recognition error at: 's'
line 28:39 token recognition error at: 't'
line 28:40 token recognition error at: 'r'
line 28:41 token recognition error at: 'i'
line 28:42 token recognition error at: 'n'
line 28:43 token recognition error at: 'g'
line 28:44 token recognition error at: 'i'
line 28:45 token recognition error at: 'f'
line 28:46 token recognition error at: 'y'
line 28:47 token recognition error at: '('
line 28:48 token recognition error at: '{'
line 28:49 token recognition error at: ' t'
line 28:51 token recognition error at: 'o'
line 28:52 token recognition error at: 'k'
line 28:53 token recognition error at: 'e'
line 28:54 token recognition error at: 'n'
line 28:55 token recognition error at: ':'
line 28:56 token recognition error at: ' t'
line 28:58 token recognition error at: 'o'
line 28:59 token recognition error at: 'k'
line 28:60 token recognition error at: 'e'
line 28:61 token recognition error at: 'n'
line 28:62 token recognition error at: ' }'
line 28:64 token recognition error at: ')'
line 28:65 token recognition error at: '\n)'
line 29:1 token recognition error at: ';'
line 29:2 token recognition error at: '\n  /'
line 30:3 token recognition error at: '/'
line 30:4 token recognition error at: ' f'
line 30:6 token recognition error at: 'i'
line 30:7 token recognition error at: 'l'
line 30:8 token recognition error at: 'e'
line 30:9 token recognition error at: ' w'
line 30:11 token recognition error at: 'r'
line 30:12 token recognition error at: 'i'
line 30:13 token recognition error at: 't'
line 30:14 token recognition error at: 't'
line 30:15 token recognition error at: 'e'
line 30:16 token recognition error at: 'n'
line 30:17 token recognition error at: ' s'
line 30:19 token recognition error at: 'u'
line 30:20 token recognition error at: 'c'
line 30:21 token recognition error at: 'c'
line 30:22 token recognition error at: 'e'
line 30:23 token recognition error at: 's'
line 30:24 token recognition error at: 's'
line 30:25 token recognition error at: 'f'
line 30:26 token recognition error at: 'u'
line 30:27 token recognition error at: 'l'
line 30:28 token recognition error at: 'l'
line 30:29 token recognition error at: 'y'
line 30:30 token recognition error at: '\n}'
line 31:1 token recognition error at: ' c'
line 31:3 token recognition error at: 'a'
line 31:4 token recognition error at: 't'
line 31:5 token recognition error at: 'c'
line 31:6 token recognition error at: 'h'
line 31:7 token recognition error at: ' ('
line 31:9 token recognition error at: 'e'
line 31:10 token recognition error at: 'r'
line 31:11 token recognition error at: 'r'
line 31:12 token recognition error at: ')'
line 31:13 token recognition error at: ' {'
line 31:15 token recognition error at: '\n  c'
line 32:3 token recognition error at: 'o'
line 32:4 token recognition error at: 'n'
line 32:5 token recognition error at: 's'
line 32:6 token recognition error at: 'o'
line 32:7 token recognition error at: 'l'
line 32:8 token recognition error at: 'e'
line 32:9 token recognition error at: '.'
line 32:10 token recognition error at: 'e'
line 32:11 token recognition error at: 'r'
line 32:12 token recognition error at: 'r'
line 32:13 token recognition error at: 'o'
line 32:14 token recognition error at: 'r'
line 32:15 token recognition error at: '('
line 32:16 token recognition error at: 'e'
line 32:17 token recognition error at: 'r'
line 32:18 token recognition error at: 'r'
line 32:19 token recognition error at: ')'
line 32:20 token recognition error at: ';'
line 32:21 token recognition error at: '\n}'
line 33:1 token recognition error at: '\n}'
line 34:1 token recognition error at: '\n"'
line 35:1 token recognition error at: '"'
line 35:2 token recognition error at: '"'
line 35:3 token recognition error at: '\n"'
line 36:1 token recognition error at: '"'
line 36:2 token recognition error at: '"'
line 36:3 mismatched input '<EOF>' expecting {FEATURE_TAGS, FEATURE}
]]></system-err>
  </testcase>
</testsuite>